\BOOKMARK [0][]{chapter*.1}{Summary}{}% 1
\BOOKMARK [0][]{chapter*.2}{Preface}{}% 2
\BOOKMARK [0][]{chapter*.3}{Acknowledgements}{}% 3
\BOOKMARK [0][]{section*.4}{Contents}{}% 4
\BOOKMARK [0][]{section*.5}{Todo\040list}{}% 5
\BOOKMARK [0][]{chapter.1}{1\040Introduction}{}% 6
\BOOKMARK [1][]{section.1.1}{1.1\040Torquent\040Arcu}{chapter.1}% 7
\BOOKMARK [1][]{section.1.2}{1.2\040Luctus}{chapter.1}% 8
\BOOKMARK [1][]{section.1.3}{1.3\040Sollicitudin\040vestibulum}{chapter.1}% 9
\BOOKMARK [0][]{chapter.2}{2 Long chapter phi and sigma title with π, very long title, and also math = sigma}{}% 10
\BOOKMARK [0][]{chapter.3}{3\040measureAbsorption}{}% 11
\BOOKMARK [0][]{chapter.4}{4\040predictPotency}{}% 12
\BOOKMARK [0][]{chapter.5}{5\040interpretTheForest}{}% 13
\BOOKMARK [0][]{chapter.6}{6\040structureOfSolubility}{}% 14
\BOOKMARK [0][]{chapter.7}{7\040Heading\040on\040Level\0400\040\(chapter\)}{}% 15
\BOOKMARK [1][]{section.7.1}{7.1\040Heading\040on\040Level\0401\040\(section\)}{chapter.7}% 16
\BOOKMARK [1][]{section.7.2}{7.2\040Lists}{chapter.7}% 17
\BOOKMARK [0][]{chapter.8}{8\040Conclusion}{}% 18
\BOOKMARK [0][]{appendix.A}{A\040An\040Appendix}{}% 19
\BOOKMARK [0][]{section*.11}{Bibliography}{}% 20
